<?xml version="1.0" encoding="UTF-8"?>
<testsuite name="PermissionManagerTest" tests="1" skipped="0" failures="0" errors="0" timestamp="2021-10-14T12:46:00" hostname="DESKTOP-EKKG013" time="0.037">
  <properties/>
  <testcase name="getmCurrentLevel()" classname="PermissionManagerTest" time="0.037"/>
  <system-out><![CDATA[]]></system-out>
  <system-err><![CDATA[]]></system-err>
</testsuite>
